No syntax errors detected in business.php
No syntax errors detected in php-linter.php
No syntax errors detected in libraries\inc.config.php
No syntax errors detected in libraries\classes\backend\class.guid.inc.php
No syntax errors detected in libraries\classes\backend\class.spl_include.inc.php
No syntax errors detected in libraries\classes\generators\class.anchor.inc.php
No syntax errors detected in libraries\classes\generators\class.angularifier.inc.php
No syntax errors detected in libraries\classes\generators\class.bodyfier.inc.php
No syntax errors detected in libraries\classes\generators\class.businessifier.inc.php
No syntax errors detected in libraries\classes\generators\class.caser.inc.php
No syntax errors detected in libraries\classes\generators\class.databasifier.inc.php
No syntax errors detected in libraries\classes\generators\class.dbaccess.inc.php
No syntax errors detected in libraries\classes\generators\class.endpoints.inc.php
No syntax errors detected in libraries\classes\generators\class.finalized.inc.php
No syntax errors detected in libraries\classes\generators\class.generator.inc.php
No syntax errors detected in libraries\classes\generators\class.htmlifier.inc.php
No syntax errors detected in libraries\classes\generators\class.methodifier.inc.php
No syntax errors detected in libraries\classes\generators\class.namifier.inc.php
No syntax errors detected in libraries\classes\generators\class.ormifier.inc.php
No syntax errors detected in libraries\classes\generators\class.phpunitifier.inc.php
No syntax errors detected in libraries\classes\generators\class.sees.inc.php
No syntax errors detected in libraries\classes\generators\class.template_reader.inc.php
No syntax errors detected in libraries\classes\generators\class.writer.inc.php
No syntax errors detected in libraries\classes\parsers\class.angular_parser.inc.php
No syntax errors detected in libraries\classes\parsers\class.business_parser.inc.php
No syntax errors detected in libraries\classes\parsers\class.dto_parser.inc.php
No syntax errors detected in libraries\classes\parsers\class.endpoints_parser.inc.php
No syntax errors detected in libraries\classes\parsers\class.html_parser.inc.php
No syntax errors detected in libraries\classes\parsers\class.orm_parser.inc.php
No syntax errors detected in libraries\classes\parsers\class.parser.inc.php
No syntax errors detected in libraries\classes\parsers\class.phpunit_parser.inc.php
No syntax errors detected in libraries\classes\setups\class.business_entity.inc.php
No syntax errors detected in libraries\classes\setups\class.business_type.inc.php
No syntax errors detected in libraries\classes\setups\class.method_descriptor.inc.php
No syntax errors detected in libraries\classes\setups\class.module_methods.inc.php
No syntax errors detected in libraries\classes\setups\class.roles.inc.php
No syntax errors detected in libraries\classes\setups\class.user_type.inc.php
No syntax errors detected in libraries\classes\structures\class.field.inc.php
No syntax errors detected in libraries\classes\structures\class.fields.inc.php
No syntax errors detected in phpunit\bootstrap.php
No syntax errors detected in phpunit\tests\caserTest.php
No syntax errors detected in phpunit\tests\moduleTest.php
No syntax errors detected in phpunit\tests\namifyTest.php
No syntax errors detected in public_html\index.php
